<?xml version="1.0" encoding="UTF-8"?>
<!-- Generated by org.testng.reporters.JUnitReportReporter -->
<testsuite skipped="0" hostname="LAPTOP-DBLBVRKN" name="gitpractioceeeee.helloWorld" tests="1" failures="0" timestamp="2023-04-28T12:43:11 IST" time="0.015" errors="0">
  <testcase name="method" time="0.015" classname="gitpractioceeeee.helloWorld"/>
  <system-out/>
</testsuite> <!-- gitpractioceeeee.helloWorld -->
